#
# A fatal error has been detected by the Java Runtime Environment:
#
#  EXCEPTION_ACCESS_VIOLATION (0xc0000005) at pc=0x00007ffab92c72a6, pid=18856, tid=0x0000000000004bf8
#
# JRE version: Java(TM) SE Runtime Environment (8.0_251-b08) (build 1.8.0_251-b08)
# Java VM: Java HotSpot(TM) 64-Bit Server VM (25.251-b08 mixed mode windows-amd64 compressed oops)
# Problematic frame:
# C  [ntdll.dll+0x72a6]
#
# Failed to write core dump. Minidumps are not enabled by default on client versions of Windows
#
# If you would like to submit a bug report, please visit:
#   http://bugreport.java.com/bugreport/crash.jsp
# The crash happened outside the Java Virtual Machine in native code.
# See problematic frame for where to report the bug.
#

---------------  T H R E A D  ---------------

Current thread (0x000000001fba2000):  JavaThread "Thread-2" [_thread_in_native, id=19448, stack(0x0000000027e40000,0x0000000027f40000)]

siginfo: ExceptionCode=0xc0000005, writing address 0x0000000000000024

Registers:
RAX=0x0000000000000000, RBX=0x00000000008dae28, RCX=0x00000000008dae28, RDX=0x00000000fffffffa
RSP=0x0000000027f3ecc0, RBP=0x0000000000010000, RSI=0x0000000000000000, RDI=0x0000000000000000
R8 =0x0000000000000000, R9 =0x00000000008dae00, R10=0x00028dbba2fd1af0, R11=0x00028dbba2fd1958
R12=0x0000000000000000, R13=0x0000000000789000, R14=0x0000000000000001, R15=0x0000000000000000
RIP=0x00007ffab92c72a6, EFLAGS=0x0000000000010213

Top of Stack: (sp=0x0000000027f3ecc0)
0x0000000027f3ecc0:   ffffffffffffffff 00000000008dae28
0x0000000027f3ecd0:   0000000000000000 0000000000000180
0x0000000027f3ece0:   0000000000000015 0000000027f3ec98
0x0000000027f3ecf0:   0000000027f3ecd9 0000000800000005
0x0000000027f3ed00:   0000000000000000 00000000fffffffa
0x0000000027f3ed10:   0000000000789000 0000000000000000
0x0000000027f3ed20:   0000000000000058 000000001fba2000
0x0000000027f3ed30:   0000000027f3efc0 000000001c1c92a8
0x0000000027f3ed40:   0000000000000000 000000001fba21f8
0x0000000027f3ed50:   00003cc9e2ef3378 000000001fba2000
0x0000000027f3ed60:   000000001fba2000 0000000000000001
0x0000000027f3ed70:   0000000000000001 0000000000000001
0x0000000027f3ed80:   0000000000000000 00000000008dae28
0x0000000027f3ed90:   0000000000010000 00007ffab92db576
0x0000000027f3eda0:   0000000000000000 000000000000000e
0x0000000027f3edb0:   00000000fffffffa 0000000054baec32 

Instructions: (pc=0x00007ffab92c72a6)
0x00007ffab92c7286:   48 39 73 18 0f 84 d1 00 00 00 48 8b 03 48 83 f8
0x00007ffab92c7296:   ff 0f 84 d1 00 00 00 44 8b fe 48 83 f8 ff 74 03
0x00007ffab92c72a6:   ff 40 24 4c 8b 73 18 4c 8d 2d 44 82 15 00 bd 22
0x00007ffab92c72b6:   17 00 00 e8 72 89 03 00 85 c0 0f 85 5e 0b 0a 00 


Register to memory mapping:

RAX=0x0000000000000000 is an unknown value
RBX=0x00000000008dae28 is an unknown value
RCX=0x00000000008dae28 is an unknown value
RDX=0x00000000fffffffa is an unknown value
RSP=0x0000000027f3ecc0 is pointing into the stack for thread: 0x000000001fba2000
RBP=0x0000000000010000 is an unknown value
RSI=0x0000000000000000 is an unknown value
RDI=0x0000000000000000 is an unknown value
R8 =0x0000000000000000 is an unknown value
R9 =0x00000000008dae00 is an unknown value
R10=0x00028dbba2fd1af0 is an unknown value
R11=0x00028dbba2fd1958 is an unknown value
R12=0x0000000000000000 is an unknown value
R13=0x0000000000789000 is an unknown value
R14=0x0000000000000001 is an unknown value
R15=0x0000000000000000 is an unknown value


Stack: [0x0000000027e40000,0x0000000027f40000],  sp=0x0000000027f3ecc0,  free space=1019k
Native frames: (J=compiled Java code, j=interpreted, Vv=VM code, C=native code)
C  [ntdll.dll+0x72a6]
C  [ntdll.dll+0x1b576]
C  [ntdll.dll+0x1b3c0]
C  0x00007ffa8864fe56

Java frames: (J=compiled Java code, j=interpreted, Vv=VM code)
j  sun.java2d.d3d.D3DSurfaceData.initOps(III)V+0
j  sun.java2d.d3d.D3DSurfaceData.<init>(Lsun/awt/windows/WComponentPeer;Lsun/java2d/d3d/D3DGraphicsConfig;IILjava/awt/Image;Ljava/awt/image/ColorModel;IILsun/java2d/pipe/hw/ExtendedBufferCapabilities$VSyncType;I)V+76
j  sun.java2d.d3d.D3DSurfaceData.createData(Lsun/awt/windows/WComponentPeer;Ljava/awt/Image;)Lsun/java2d/d3d/D3DSurfaceData;+117
j  sun.java2d.d3d.D3DVolatileSurfaceManager.initAcceleratedSurface()Lsun/java2d/SurfaceData;+59
j  sun.java2d.d3d.D3DVolatileSurfaceManager.restoreAcceleratedSurface()V+62
J 895 C1 sun.awt.image.VolatileSurfaceManager.validate(Ljava/awt/GraphicsConfiguration;)I (204 bytes) @ 0x0000000002bd16f4 [0x0000000002bd10a0+0x654]
J 894 C1 sun.awt.image.SunVolatileImage.validate(Ljava/awt/GraphicsConfiguration;)I (9 bytes) @ 0x0000000002bd0c84 [0x0000000002bd0b80+0x104]
J 1046 C1 java.awt.Component$FlipBufferStrategy.revalidate(Z)V (143 bytes) @ 0x0000000002c2ab34 [0x0000000002c2a600+0x534]
J 899 C1 java.awt.Component$FlipBufferStrategy.getDrawGraphics()Ljava/awt/Graphics; (12 bytes) @ 0x0000000002bd514c [0x0000000002bd4f80+0x1cc]
J 896 C1 com.gugino.engine.loops.Renderer.render(Lcom/gugino/engine/GameManager;)V (267 bytes) @ 0x0000000002bd25ac [0x0000000002bd23c0+0x1ec]
J 713% C2 com.gugino.engine.loops.Updater.start(Lcom/gugino/engine/GameManager;Lcom/gugino/engine/loops/Renderer;)V (201 bytes) @ 0x0000000002b52d6c [0x0000000002b52b40+0x22c]
j  com.gugino.engine.GameManager.run()V+92
j  java.lang.Thread.run()V+11
v  ~StubRoutines::call_stub

---------------  P R O C E S S  ---------------

Java Threads: ( => current thread )
  0x000000001fcfd800 JavaThread "Thread-0" daemon [_thread_in_native, id=2252, stack(0x0000000028b40000,0x0000000028c40000)]
  0x00000000026ad800 JavaThread "DestroyJavaVM" [_thread_blocked, id=10656, stack(0x00000000026c0000,0x00000000027c0000)]
=>0x000000001fba2000 JavaThread "Thread-2" [_thread_in_native, id=19448, stack(0x0000000027e40000,0x0000000027f40000)]
  0x000000001fb3e000 JavaThread "AWT-EventQueue-0" [_thread_blocked, id=16780, stack(0x0000000027b40000,0x0000000027c40000)]
  0x000000001fabb000 JavaThread "AWT-Shutdown" [_thread_blocked, id=11052, stack(0x00000000203d0000,0x00000000204d0000)]
  0x000000001fab9000 JavaThread "Java2D Disposer" daemon [_thread_blocked, id=14040, stack(0x0000000020230000,0x0000000020330000)]
  0x000000001dd4b800 JavaThread "Service Thread" daemon [_thread_blocked, id=14056, stack(0x000000001f6f0000,0x000000001f7f0000)]
  0x000000001dcb7800 JavaThread "C1 CompilerThread3" daemon [_thread_blocked, id=11240, stack(0x000000001f5f0000,0x000000001f6f0000)]
  0x000000001dcb0000 JavaThread "C2 CompilerThread2" daemon [_thread_blocked, id=14652, stack(0x000000001f4f0000,0x000000001f5f0000)]
  0x000000001dca7000 JavaThread "C2 CompilerThread1" daemon [_thread_blocked, id=17240, stack(0x000000001f3f0000,0x000000001f4f0000)]
  0x000000001dc9d800 JavaThread "C2 CompilerThread0" daemon [_thread_blocked, id=4452, stack(0x000000001f2f0000,0x000000001f3f0000)]
  0x000000001dc9c000 JavaThread "Attach Listener" daemon [_thread_blocked, id=18572, stack(0x000000001f1f0000,0x000000001f2f0000)]
  0x000000001dc9a000 JavaThread "Signal Dispatcher" daemon [_thread_blocked, id=8380, stack(0x000000001f0f0000,0x000000001f1f0000)]
  0x000000001dc93000 JavaThread "Finalizer" daemon [_thread_blocked, id=4768, stack(0x000000001eef0000,0x000000001eff0000)]
  0x000000001c5bd000 JavaThread "Reference Handler" daemon [_thread_blocked, id=9328, stack(0x000000001edf0000,0x000000001eef0000)]

Other Threads:
  0x000000001c5b7000 VMThread [stack: 0x000000001ecf0000,0x000000001edf0000] [id=19380]
  0x000000001dd5f000 WatcherThread [stack: 0x000000001f7f0000,0x000000001f8f0000] [id=17984]

VM state:not at safepoint (normal execution)

VM Mutex/Monitor currently owned by a thread: None

heap address: 0x00000006c0c00000, size: 4084 MB, Compressed Oops mode: Zero based, Oop shift amount: 3
Narrow klass base: 0x0000000000000000, Narrow klass shift: 3
Compressed class space size: 1073741824 Address: 0x00000007c0000000

Heap:
 PSYoungGen      total 76288K, used 23594K [0x000000076af00000, 0x0000000770400000, 0x00000007c0000000)
  eden space 65536K, 36% used [0x000000076af00000,0x000000076c60a970,0x000000076ef00000)
  from space 10752K, 0% used [0x000000076f980000,0x000000076f980000,0x0000000770400000)
  to   space 10752K, 0% used [0x000000076ef00000,0x000000076ef00000,0x000000076f980000)
 ParOldGen       total 175104K, used 0K [0x00000006c0c00000, 0x00000006cb700000, 0x000000076af00000)
  object space 175104K, 0% used [0x00000006c0c00000,0x00000006c0c00000,0x00000006cb700000)
 Metaspace       used 10567K, capacity 10746K, committed 10880K, reserved 1058816K
  class space    used 1251K, capacity 1324K, committed 1408K, reserved 1048576K

Card table byte_map: [0x0000000011c80000,0x0000000012480000] byte_map_base: 0x000000000e67a000

Marking Bits: (ParMarkBitMap*) 0x00000000551baf90
 Begin Bits: [0x00000000133e0000, 0x00000000173b0000)
 End Bits:   [0x00000000173b0000, 0x000000001b380000)

Polling page: 0x0000000000e30000

CodeCache: size=245760Kb used=3994Kb max_used=4006Kb free=241765Kb
 bounds [0x00000000028c0000, 0x0000000002cb0000, 0x00000000118c0000]
 total_blobs=1660 nmethods=1154 adapters=420
 compilation: enabled

Compilation events (10 events):
Event: 8.490 Thread 0x000000001dcb7800 1151       1       sun.java2d.SurfaceData::getNativeOps (5 bytes)
Event: 8.490 Thread 0x000000001dcb7800 nmethod 1151 0x0000000002ca6410 code [0x0000000002ca6560, 0x0000000002ca6670]
Event: 8.490 Thread 0x000000001dcb7800 1150       3       sun.java2d.pipe.BufferedContext::setSurfaces (49 bytes)
Event: 8.490 Thread 0x000000001dcb7800 nmethod 1150 0x0000000002ca66d0 code [0x0000000002ca68c0, 0x0000000002ca76a8]
Event: 8.524 Thread 0x000000001dc9d800 1152       4       sun.awt.AWTAutoShutdown::isReadyToShutdown (37 bytes)
Event: 8.525 Thread 0x000000001dc9d800 nmethod 1152 0x0000000002caa990 code [0x0000000002caaae0, 0x0000000002caab98]
Event: 8.773 Thread 0x000000001dcb0000 1153       4       java.lang.String::<init> (82 bytes)
Event: 8.775 Thread 0x000000001dcb0000 nmethod 1153 0x0000000002ca8e10 code [0x0000000002ca8f60, 0x0000000002ca9258]
Event: 8.890 Thread 0x000000001dca7000 1154       4       java.awt.geom.AffineTransform::equals (92 bytes)
Event: 8.890 Thread 0x000000001dca7000 nmethod 1154 0x0000000002ca88d0 code [0x0000000002ca8a20, 0x0000000002ca8c78]

GC Heap History (0 events):
No events

Deoptimization events (10 events):
Event: 0.440 Thread 0x000000001fba2000 Uncommon trap: reason=unstable_if action=reinterpret pc=0x0000000002a95f8c method=java.lang.CharacterData.of(I)Ljava/lang/CharacterData; @ 4
Event: 0.456 Thread 0x000000001fba2000 Uncommon trap: reason=unstable_if action=reinterpret pc=0x0000000002aef08c method=java.lang.Character.isSurrogate(C)Z @ 3
Event: 1.323 Thread 0x000000001fba2000 Uncommon trap: reason=unstable_if action=reinterpret pc=0x0000000002a82760 method=com.gugino.engine.loops.Updater.start(Lcom/gugino/engine/GameManager;Lcom/gugino/engine/loops/Renderer;)V @ 165
Event: 5.323 Thread 0x000000001fba2000 Uncommon trap: reason=unstable_if action=reinterpret pc=0x0000000002ae8008 method=java.io.WinNTFileSystem.normalize(Ljava/lang/String;)Ljava/lang/String; @ 104
Event: 5.336 Thread 0x000000001fba2000 Uncommon trap: reason=unstable_if action=reinterpret pc=0x0000000002b74fa8 method=java.lang.String.<init>([CII)V @ 18
Event: 5.340 Thread 0x000000001fba2000 Uncommon trap: reason=class_check action=maybe_recompile pc=0x0000000002b0196c method=java.util.HashMap.putVal(ILjava/lang/Object;Ljava/lang/Object;ZZ)Ljava/lang/Object; @ 253
Event: 5.340 Thread 0x000000001fba2000 Uncommon trap: reason=class_check action=maybe_recompile pc=0x0000000002b0196c method=java.util.HashMap.putVal(ILjava/lang/Object;Ljava/lang/Object;ZZ)Ljava/lang/Object; @ 253
Event: 5.340 Thread 0x000000001fba2000 Uncommon trap: reason=class_check action=maybe_recompile pc=0x0000000002b0196c method=java.util.HashMap.putVal(ILjava/lang/Object;Ljava/lang/Object;ZZ)Ljava/lang/Object; @ 253
Event: 5.340 Thread 0x000000001fba2000 Uncommon trap: reason=class_check action=maybe_recompile pc=0x0000000002b0196c method=java.util.HashMap.putVal(ILjava/lang/Object;Ljava/lang/Object;ZZ)Ljava/lang/Object; @ 253
Event: 5.340 Thread 0x000000001fba2000 Uncommon trap: reason=class_check action=maybe_recompile pc=0x0000000002afe080 method=java.util.HashMap.putVal(ILjava/lang/Object;Ljava/lang/Object;ZZ)Ljava/lang/Object; @ 253

Classes redefined (0 events):
No events

Internal exceptions (10 events):
Event: 0.024 Thread 0x00000000026ad800 Exception <a 'java/lang/NoSuchMethodError': Method sun.misc.Unsafe.prefetchRead(Ljava/lang/Object;J)V name or signature does not match> (0x000000076af07fa8) thrown at [C:\jenkins\workspace\8-2-build-windows-amd64-cygwin\jdk8u251\737\hotspot\src\share\vm\p
Event: 0.078 Thread 0x00000000026ad800 Exception <a 'java/security/PrivilegedActionException'> (0x000000076af90c58) thrown at [C:\jenkins\workspace\8-2-build-windows-amd64-cygwin\jdk8u251\737\hotspot\src\share\vm\prims\jvm.cpp, line 1502]
Event: 0.078 Thread 0x00000000026ad800 Exception <a 'java/security/PrivilegedActionException'> (0x000000076af90e68) thrown at [C:\jenkins\workspace\8-2-build-windows-amd64-cygwin\jdk8u251\737\hotspot\src\share\vm\prims\jvm.cpp, line 1502]
Event: 0.078 Thread 0x00000000026ad800 Exception <a 'java/security/PrivilegedActionException'> (0x000000076af94ad8) thrown at [C:\jenkins\workspace\8-2-build-windows-amd64-cygwin\jdk8u251\737\hotspot\src\share\vm\prims\jvm.cpp, line 1502]
Event: 0.078 Thread 0x00000000026ad800 Exception <a 'java/security/PrivilegedActionException'> (0x000000076af94ce8) thrown at [C:\jenkins\workspace\8-2-build-windows-amd64-cygwin\jdk8u251\737\hotspot\src\share\vm\prims\jvm.cpp, line 1502]
Event: 0.082 Thread 0x00000000026ad800 Exception <a 'java/io/FileNotFoundException'> (0x000000076af96eb8) thrown at [C:\jenkins\workspace\8-2-build-windows-amd64-cygwin\jdk8u251\737\hotspot\src\share\vm\prims\jni.cpp, line 710]
Event: 0.108 Thread 0x00000000026ad800 Exception <a 'java/lang/NoSuchFieldError': method resolution failed> (0x000000076b1af5d0) thrown at [C:\jenkins\workspace\8-2-build-windows-amd64-cygwin\jdk8u251\737\hotspot\src\share\vm\prims\methodHandles.cpp, line 1167]
Event: 0.109 Thread 0x00000000026ad800 Exception <a 'java/lang/NoSuchFieldError': method resolution failed> (0x000000076b1bc9a0) thrown at [C:\jenkins\workspace\8-2-build-windows-amd64-cygwin\jdk8u251\737\hotspot\src\share\vm\prims\methodHandles.cpp, line 1167]
Event: 0.140 Thread 0x00000000026ad800 Exception <a 'java/io/FileNotFoundException'> (0x000000076b254910) thrown at [C:\jenkins\workspace\8-2-build-windows-amd64-cygwin\jdk8u251\737\hotspot\src\share\vm\prims\jni.cpp, line 710]
Event: 0.248 Thread 0x00000000026ad800 Implicit null exception at 0x0000000002a2f922 to 0x0000000002a2faf9

Events (10 events):
Event: 8.993 Executing VM operation: RevokeBias done
Event: 8.993 loading class java/util/WeakHashMap$KeyIterator
Event: 8.993 Thread 0x000000001fcff000 Thread exited: 0x000000001fcff000
Event: 8.993 Thread 0x000000001fb50000 Thread exited: 0x000000001fb50000
Event: 8.993 loading class java/util/WeakHashMap$HashIterator
Event: 8.994 loading class sun/java2d/pipe/hw/AccelDeviceEventNotifier
Event: 8.994 loading class java/util/WeakHashMap$HashIterator done
Event: 8.994 loading class java/util/WeakHashMap$KeyIterator done
Event: 8.994 Thread 0x000000001fcfe800 Thread exited: 0x000000001fcfe800
Event: 8.994 loading class sun/java2d/pipe/hw/AccelDeviceEventNotifier done


Dynamic libraries:
0x00007ff6554c0000 - 0x00007ff6554f7000 	C:\Program Files\Java\jre1.8.0_251\bin\javaw.exe
0x00007ffab92c0000 - 0x00007ffab94b0000 	C:\WINDOWS\SYSTEM32\ntdll.dll
0x00007ffab8970000 - 0x00007ffab8a22000 	C:\WINDOWS\System32\KERNEL32.DLL
0x00007ffab6860000 - 0x00007ffab6b04000 	C:\WINDOWS\System32\KERNELBASE.dll
0x00007ffab77e0000 - 0x00007ffab7883000 	C:\WINDOWS\System32\ADVAPI32.dll
0x00007ffab8870000 - 0x00007ffab890e000 	C:\WINDOWS\System32\msvcrt.dll
0x00007ffab7740000 - 0x00007ffab77d7000 	C:\WINDOWS\System32\sechost.dll
0x00007ffab8750000 - 0x00007ffab8870000 	C:\WINDOWS\System32\RPCRT4.dll
0x00007ffab7390000 - 0x00007ffab7524000 	C:\WINDOWS\System32\USER32.dll
0x00007ffab6640000 - 0x00007ffab6661000 	C:\WINDOWS\System32\win32u.dll
0x00007ffab8d70000 - 0x00007ffab8d96000 	C:\WINDOWS\System32\GDI32.dll
0x00007ffab6300000 - 0x00007ffab6494000 	C:\WINDOWS\System32\gdi32full.dll
0x00007ffab64a0000 - 0x00007ffab653e000 	C:\WINDOWS\System32\msvcp_win.dll
0x00007ffab6540000 - 0x00007ffab663a000 	C:\WINDOWS\System32\ucrtbase.dll
0x00007ffaa37b0000 - 0x00007ffaa3a34000 	C:\WINDOWS\WinSxS\amd64_microsoft.windows.common-controls_6595b64144ccf1df_6.0.18362.815_none_e6c3b941130ffef4\COMCTL32.dll
0x00007ffab8a30000 - 0x00007ffab8d66000 	C:\WINDOWS\System32\combase.dll
0x00007ffab72f0000 - 0x00007ffab7370000 	C:\WINDOWS\System32\bcryptPrimitives.dll
0x00007ffab8150000 - 0x00007ffab817e000 	C:\WINDOWS\System32\IMM32.DLL
0x00000000547d0000 - 0x00000000548a2000 	C:\Program Files\Java\jre1.8.0_251\bin\msvcr100.dll
0x0000000054990000 - 0x000000005523b000 	C:\Program Files\Java\jre1.8.0_251\bin\server\jvm.dll
0x00007ffab8e70000 - 0x00007ffab8e78000 	C:\WINDOWS\System32\PSAPI.DLL
0x00007ffab1f40000 - 0x00007ffab1f49000 	C:\WINDOWS\SYSTEM32\WSOCK32.dll
0x00007ffab3410000 - 0x00007ffab3434000 	C:\WINDOWS\SYSTEM32\WINMM.dll
0x00007ffab9160000 - 0x00007ffab91cf000 	C:\WINDOWS\System32\WS2_32.dll
0x00007ffaafc20000 - 0x00007ffaafc2a000 	C:\WINDOWS\SYSTEM32\VERSION.dll
0x00007ffab33e0000 - 0x00007ffab340d000 	C:\WINDOWS\SYSTEM32\winmmbase.dll
0x00007ffab6670000 - 0x00007ffab66ba000 	C:\WINDOWS\System32\cfgmgr32.dll
0x00007ffab1d10000 - 0x00007ffab1d1f000 	C:\Program Files\Java\jre1.8.0_251\bin\verify.dll
0x00007ffaae490000 - 0x00007ffaae4b9000 	C:\Program Files\Java\jre1.8.0_251\bin\java.dll
0x00007ffab0040000 - 0x00007ffab0056000 	C:\Program Files\Java\jre1.8.0_251\bin\zip.dll
0x00007ffab79f0000 - 0x00007ffab80d4000 	C:\WINDOWS\System32\SHELL32.dll
0x00007ffab91d0000 - 0x00007ffab9279000 	C:\WINDOWS\System32\shcore.dll
0x00007ffab6b10000 - 0x00007ffab728d000 	C:\WINDOWS\System32\windows.storage.dll
0x00007ffab6200000 - 0x00007ffab6223000 	C:\WINDOWS\System32\profapi.dll
0x00007ffab61b0000 - 0x00007ffab61fa000 	C:\WINDOWS\System32\powrprof.dll
0x00007ffab6180000 - 0x00007ffab6190000 	C:\WINDOWS\System32\UMPDC.dll
0x00007ffab8910000 - 0x00007ffab8962000 	C:\WINDOWS\System32\shlwapi.dll
0x00007ffab6190000 - 0x00007ffab61a1000 	C:\WINDOWS\System32\kernel.appcore.dll
0x00007ffab66c0000 - 0x00007ffab66d7000 	C:\WINDOWS\System32\cryptsp.dll
0x00007ffa71d00000 - 0x00007ffa71e9a000 	C:\Program Files\Java\jre1.8.0_251\bin\awt.dll
0x00007ffab8ee0000 - 0x00007ffab8fa4000 	C:\WINDOWS\System32\OLEAUT32.dll
0x00007ffab36e0000 - 0x00007ffab376f000 	C:\WINDOWS\SYSTEM32\apphelp.dll
0x00007ffab3c00000 - 0x00007ffab3c2d000 	C:\WINDOWS\system32\DWMAPI.DLL
0x00007ffab37e0000 - 0x00007ffab3879000 	C:\WINDOWS\system32\uxtheme.dll
0x00007ffa86940000 - 0x00007ffa86a96000 	C:\WINDOWS\system32\opengl32.dll
0x00007ffa86910000 - 0x00007ffa8693c000 	C:\WINDOWS\SYSTEM32\GLU32.dll
0x00007ffab4760000 - 0x00007ffab4780000 	C:\WINDOWS\SYSTEM32\dxcore.dll
0x00007ffab85f0000 - 0x00007ffab8726000 	C:\WINDOWS\System32\MSCTF.dll
0x00007ffab7890000 - 0x00007ffab79e7000 	C:\WINDOWS\System32\ole32.dll
0x00007ffaaebb0000 - 0x00007ffaaebf9000 	C:\Program Files\Java\jre1.8.0_251\bin\fontmanager.dll
0x00007ffaacae0000 - 0x00007ffaacb7e000 	C:\WINDOWS\System32\TextInputFramework.dll
0x00007ffab2f90000 - 0x00007ffab3064000 	C:\WINDOWS\System32\CoreMessaging.dll
0x00007ffaaec90000 - 0x00007ffaaefba000 	C:\WINDOWS\System32\CoreUIComponents.dll
0x00007ffab5c60000 - 0x00007ffab5c91000 	C:\WINDOWS\SYSTEM32\ntmarta.dll
0x00007ffab09e0000 - 0x00007ffab0b33000 	C:\WINDOWS\SYSTEM32\wintypes.dll
0x00007ffaaa8d0000 - 0x00007ffaaab76000 	C:\WINDOWS\System32\iertutil.dll
0x00007ffaaffc0000 - 0x00007ffaaffda000 	C:\Program Files\Java\jre1.8.0_251\bin\net.dll
0x00007ffab5370000 - 0x00007ffab53d7000 	C:\WINDOWS\system32\mswsock.dll
0x00007ffaae8a0000 - 0x00007ffaae8b2000 	C:\Program Files\Java\jre1.8.0_251\bin\nio.dll
0x00007ffaaccf0000 - 0x00007ffaacd32000 	C:\Program Files\Java\jre1.8.0_251\bin\t2k.dll
0x00007ffab4ee0000 - 0x00007ffab4f13000 	C:\WINDOWS\system32\rsaenh.dll
0x00007ffab66e0000 - 0x00007ffab6706000 	C:\WINDOWS\System32\bcrypt.dll
0x00007ffab6070000 - 0x00007ffab6095000 	C:\WINDOWS\SYSTEM32\USERENV.dll
0x00007ffab5540000 - 0x00007ffab554c000 	C:\WINDOWS\SYSTEM32\CRYPTBASE.dll
0x00007ffab5080000 - 0x00007ffab50ba000 	C:\WINDOWS\SYSTEM32\IPHLPAPI.DLL
0x00007ffab8730000 - 0x00007ffab8738000 	C:\WINDOWS\System32\NSI.dll
0x00007ffab0060000 - 0x00007ffab0076000 	C:\WINDOWS\SYSTEM32\dhcpcsvc6.DLL
0x00007ffaaff70000 - 0x00007ffaaff8c000 	C:\WINDOWS\SYSTEM32\dhcpcsvc.DLL
0x00007ffab50c0000 - 0x00007ffab518b000 	C:\WINDOWS\SYSTEM32\DNSAPI.dll
0x00007ffaa9230000 - 0x00007ffaa9424000 	C:\WINDOWS\SYSTEM32\dbghelp.dll

VM Arguments:
jvm_args: -Dfile.encoding=Cp1252 
java_command: com.gugino.game.Main
java_class_path (initial): D:\Java Projects\Plain Java Projects\Luci2D\bin;D:\Java Projects\Plain Java Projects\Luci2D\res
Launcher Type: SUN_STANDARD

Environment Variables:
PATH=C:/Program Files/Java/jre1.8.0_251/bin/server;C:/Program Files/Java/jre1.8.0_251/bin;C:/Program Files/Java/jre1.8.0_251/lib/amd64;C:\Program Files (x86)\Razer\ChromaBroadcast\bin;C:\Program Files\Razer\ChromaBroadcast\bin;C:\Program Files (x86)\Common Files\Oracle\Java\javapath;C:\WINDOWS\system32;C:\WINDOWS;C:\WINDOWS\System32\Wbem;C:\WINDOWS\System32\WindowsPowerShell\v1.0\;C:\WINDOWS\System32\OpenSSH\;C:\Program Files\Git\cmd;C:\Program Files\dotnet\;C:\Users\gugin\AppData\Local\Microsoft\WindowsApps;G:\Mircosoft VS Code\bin;C:\Users\gugin\AppData\Local\Microsoft\WindowsApps;G:\Mircosoft VS Code\bin;C:\Users\gugin\Desktop;
USERNAME=gugin
OS=Windows_NT
PROCESSOR_IDENTIFIER=AMD64 Family 23 Model 8 Stepping 2, AuthenticAMD



---------------  S Y S T E M  ---------------

OS: Windows 10.0 , 64 bit Build 18362 (10.0.18362.778)

CPU:total 12 (initial active 12) (12 cores per cpu, 1 threads per core) family 23 model 8 stepping 2, cmov, cx8, fxsr, mmx, sse, sse2, sse3, ssse3, sse4.1, sse4.2, popcnt, avx, avx2, aes, clmul, mmxext, 3dnowpref, lzcnt, sse4a, tsc, tscinvbit, tscinv, bmi1

Memory: 4k page, physical 16724264k(8610072k free), swap 21425584k(6212364k free)

vm_info: Java HotSpot(TM) 64-Bit Server VM (25.251-b08) for windows-amd64 JRE (1.8.0_251-b08), built on Mar 12 2020 06:31:49 by "" with MS VC++ 10.0 (VS2010)

time: Sun May 03 22:09:20 2020
timezone: Eastern Daylight Time
elapsed time: 9 seconds (0d 0h 0m 9s)

